{
  "RSpec": {
    "coverage": {
      "/Users/yoshihiro/projects/codenyan/spec/helpers/comments/comments_helper_spec.rb": [
        1,
        null,
        null,
        null,
        null,
        null,
        null,
        null,
        null,
        null,
        null,
        null,
        1,
        1,
        null
      ],
      "/Users/yoshihiro/projects/codenyan/spec/rails_helper.rb": [
        null,
        1,
        1,
        1,
        null,
        1,
        1,
        null,
        null,
        null,
        null,
        null,
        null,
        null,
        null,
        null,
        null,
        null,
        null,
        null,
        null,
        null,
        null,
        null,
        null,
        null,
        null,
        1,
        null,
        0,
        0,
        null,
        1,
        null,
        1,
        null,
        null,
        null,
        null,
        1,
        null,
        null,
        null,
        null,
        null,
        null,
        null,
        null,
        null,
        null,
        null,
        null,
        null,
        null,
        null,
        null,
        null,
        1,
        null,
        null,
        1,
        null,
        null,
        1,
        null
      ],
      "/Users/yoshihiro/projects/codenyan/config/environment.rb": [
        null,
        1,
        null,
        null,
        1
      ],
      "/Users/yoshihiro/projects/codenyan/config/application.rb": [
        1,
        null,
        1,
        null,
        null,
        null,
        1,
        null,
        1,
        1,
        null,
        1,
        null,
        null,
        null,
        null,
        null,
        null,
        null
      ],
      "/Users/yoshihiro/projects/codenyan/config/boot.rb": [
        1,
        null,
        1,
        1
      ],
      "/Users/yoshihiro/projects/codenyan/config/environments/test.rb": [
        null,
        null,
        null,
        null,
        null,
        1,
        null,
        null,
        1,
        null,
        null,
        null,
        null,
        1,
        null,
        null,
        1,
        1,
        null,
        null,
        null,
        null,
        1,
        1,
        1,
        null,
        null,
        1,
        null,
        null,
        1,
        null,
        null,
        1,
        null,
        1,
        null,
        null,
        null,
        null,
        1,
        null,
        null,
        1,
        null,
        null,
        null,
        null
      ],
      "/Users/yoshihiro/projects/codenyan/config/initializers/application_controller_renderer.rb": [
        null,
        null,
        null,
        null,
        null,
        null,
        null,
        null
      ],
      "/Users/yoshihiro/projects/codenyan/config/initializers/assets.rb": [
        null,
        null,
        null,
        1,
        null,
        null,
        null,
        null,
        1,
        null,
        null,
        null,
        null,
        null
      ],
      "/Users/yoshihiro/projects/codenyan/config/initializers/backtrace_silencers.rb": [
        null,
        null,
        null,
        null,
        null,
        null,
        null
      ],
      "/Users/yoshihiro/projects/codenyan/config/initializers/content_security_policy.rb": [
        null,
        null,
        null,
        null,
        null,
        null,
        null,
        null,
        null,
        null,
        null,
        null,
        null,
        null,
        null,
        null,
        null,
        null,
        null,
        null,
        null,
        null,
        null,
        null,
        null,
        null,
        null,
        null,
        null,
        null
      ],
      "/Users/yoshihiro/projects/codenyan/config/initializers/cookies_serializer.rb": [
        null,
        null,
        null,
        null,
        1
      ],
      "/Users/yoshihiro/projects/codenyan/config/initializers/devise.rb": [
        null,
        null,
        null,
        null,
        null,
        null,
        null,
        null,
        null,
        null,
        1,
        null,
        null,
        null,
        null,
        null,
        null,
        null,
        null,
        null,
        null,
        null,
        null,
        null,
        null,
        null,
        1,
        null,
        null,
        null,
        null,
        null,
        null,
        null,
        null,
        null,
        null,
        null,
        1,
        null,
        null,
        null,
        null,
        null,
        null,
        null,
        null,
        null,
        null,
        null,
        null,
        null,
        null,
        null,
        null,
        null,
        null,
        null,
        null,
        null,
        1,
        null,
        null,
        null,
        null,
        1,
        null,
        null,
        null,
        null,
        null,
        null,
        null,
        null,
        null,
        null,
        null,
        null,
        null,
        null,
        null,
        null,
        null,
        null,
        null,
        null,
        null,
        null,
        null,
        null,
        null,
        null,
        null,
        null,
        null,
        null,
        null,
        null,
        null,
        1,
        null,
        null,
        null,
        null,
        null,
        null,
        null,
        null,
        null,
        null,
        null,
        null,
        null,
        null,
        null,
        null,
        null,
        null,
        null,
        null,
        null,
        null,
        null,
        null,
        null,
        1,
        null,
        null,
        null,
        null,
        null,
        null,
        null,
        null,
        null,
        null,
        null,
        null,
        null,
        null,
        null,
        null,
        null,
        null,
        null,
        null,
        null,
        null,
        null,
        null,
        null,
        null,
        null,
        null,
        null,
        null,
        null,
        null,
        null,
        1,
        null,
        null,
        null,
        null,
        null,
        null,
        null,
        null,
        null,
        1,
        null,
        null,
        null,
        null,
        null,
        null,
        null,
        null,
        null,
        null,
        1,
        null,
        null,
        null,
        null,
        1,
        null,
        null,
        null,
        null,
        null,
        null,
        null,
        null,
        null,
        null,
        null,
        null,
        null,
        null,
        null,
        null,
        null,
        null,
        null,
        null,
        null,
        null,
        null,
        null,
        null,
        null,
        null,
        null,
        null,
        null,
        null,
        null,
        null,
        null,
        null,
        null,
        null,
        null,
        null,
        null,
        1,
        null,
        null,
        null,
        null,
        null,
        null,
        null,
        null,
        null,
        null,
        null,
        null,
        null,
        null,
        null,
        null,
        null,
        null,
        null,
        null,
        null,
        null,
        null,
        null,
        null,
        null,
        null,
        null,
        null,
        null,
        null,
        null,
        null,
        null,
        null,
        null,
        null,
        null,
        null,
        null,
        null,
        1,
        null,
        null,
        null,
        null,
        null,
        null,
        null,
        null,
        null,
        null,
        null,
        null,
        null,
        null,
        null,
        null,
        null,
        null,
        null,
        null,
        null,
        null,
        null,
        null,
        null,
        null,
        null,
        null,
        null,
        null,
        null,
        null,
        null,
        null,
        null,
        1,
        1,
        null,
        null,
        null,
        null,
        null,
        null,
        null
      ],
      "/Users/yoshihiro/projects/codenyan/config/initializers/filter_parameter_logging.rb": [
        null,
        null,
        null,
        1
      ],
      "/Users/yoshihiro/projects/codenyan/config/initializers/inflections.rb": [
        null,
        null,
        null,
        null,
        null,
        null,
        null,
        null,
        null,
        null,
        null,
        null,
        null,
        null,
        null,
        null
      ],
      "/Users/yoshihiro/projects/codenyan/config/initializers/mime_types.rb": [
        null,
        null,
        null,
        null
      ],
      "/Users/yoshihiro/projects/codenyan/config/initializers/wrap_parameters.rb": [
        null,
        null,
        null,
        null,
        null,
        null,
        1,
        2,
        null,
        null,
        null,
        null,
        null,
        null
      ],
      "/Users/yoshihiro/projects/codenyan/spec/factories/comments.rb": [
        1,
        1,
        1,
        1,
        1,
        1,
        null,
        null
      ],
      "/Users/yoshihiro/projects/codenyan/spec/factories/park_users.rb": [
        1,
        1,
        1,
        1,
        null,
        null
      ],
      "/Users/yoshihiro/projects/codenyan/spec/factories/parks.rb": [
        1,
        1,
        3,
        1,
        null,
        null
      ],
      "/Users/yoshihiro/projects/codenyan/spec/factories/posts.rb": [
        1,
        1,
        1,
        1,
        1,
        1,
        1,
        1,
        1,
        null,
        null
      ],
      "/Users/yoshihiro/projects/codenyan/spec/factories/user_profiles.rb": [
        1,
        1,
        1,
        5,
        5,
        null,
        null
      ],
      "/Users/yoshihiro/projects/codenyan/spec/factories/users.rb": [
        1,
        1,
        20,
        21,
        21,
        21,
        null,
        null
      ],
      "/Users/yoshihiro/projects/codenyan/config/routes.rb": [
        1,
        1,
        1,
        1,
        1,
        1,
        null,
        1,
        1,
        null,
        null,
        1,
        1,
        1,
        1,
        null,
        null,
        null,
        1,
        null
      ],
      "/Users/yoshihiro/projects/codenyan/app/models/user.rb": [
        1,
        null,
        null,
        1,
        null,
        null,
        1,
        1,
        null,
        1,
        1,
        1,
        1,
        1,
        1,
        1,
        null,
        1,
        null,
        1,
        4,
        null,
        null
      ],
      "/Users/yoshihiro/projects/codenyan/app/models/application_record.rb": [
        1,
        1,
        null
      ],
      "/Users/yoshihiro/projects/codenyan/app/helpers/application_helper.rb": [
        1,
        1,
        null,
        0,
        null,
        null,
        null,
        0,
        null,
        null,
        0,
        null,
        null,
        null,
        0,
        0,
        null,
        null
      ],
      "/Users/yoshihiro/projects/codenyan/app/helpers/comments_helper.rb": [
        1,
        null
      ],
      "/Users/yoshihiro/projects/codenyan/app/helpers/comments/comments_helper.rb": [
        1,
        null
      ],
      "/Users/yoshihiro/projects/codenyan/app/helpers/parks_helper.rb": [
        1,
        null
      ],
      "/Users/yoshihiro/projects/codenyan/app/helpers/posts_helper.rb": [
        1,
        null
      ],
      "/Users/yoshihiro/projects/codenyan/app/helpers/user_profiles_helper.rb": [
        1,
        null
      ],
      "/Users/yoshihiro/projects/codenyan/app/helpers/users_helper.rb": [
        1,
        null
      ],
      "/Users/yoshihiro/projects/codenyan/spec/helpers/comments_helper_spec.rb": [
        1,
        null,
        null,
        null,
        null,
        null,
        null,
        null,
        null,
        null,
        null,
        null,
        1,
        1,
        null
      ],
      "/Users/yoshihiro/projects/codenyan/spec/helpers/parks_helper_spec.rb": [
        1,
        null,
        null,
        null,
        null,
        null,
        null,
        null,
        null,
        null,
        null,
        null,
        1,
        1,
        null
      ],
      "/Users/yoshihiro/projects/codenyan/spec/helpers/user_profiles_helper_spec.rb": [
        1,
        null,
        null,
        null,
        null,
        null,
        null,
        null,
        null,
        null,
        null,
        null,
        1,
        1,
        null
      ],
      "/Users/yoshihiro/projects/codenyan/spec/helpers/users_helper_spec.rb": [
        1,
        null,
        null,
        null,
        null,
        null,
        null,
        null,
        null,
        null,
        null,
        null,
        1,
        1,
        null
      ],
      "/Users/yoshihiro/projects/codenyan/spec/models/comment_spec.rb": [
        1,
        null,
        1,
        1,
        null
      ],
      "/Users/yoshihiro/projects/codenyan/app/models/comment.rb": [
        1,
        1,
        1,
        1,
        null
      ],
      "/Users/yoshihiro/projects/codenyan/spec/models/park_spec.rb": [
        1,
        null,
        1,
        3,
        null,
        1,
        1,
        1,
        1,
        1,
        null,
        null,
        null,
        1,
        1,
        1,
        1,
        1,
        null,
        null,
        1,
        1,
        1,
        1,
        null,
        null,
        null,
        null
      ],
      "/Users/yoshihiro/projects/codenyan/app/models/park.rb": [
        1,
        1,
        1,
        1,
        null,
        1,
        null
      ],
      "/Users/yoshihiro/projects/codenyan/spec/models/park_user_spec.rb": [
        1,
        null,
        1,
        1,
        null
      ],
      "/Users/yoshihiro/projects/codenyan/app/models/park_user.rb": [
        1,
        1,
        1,
        null
      ],
      "/Users/yoshihiro/projects/codenyan/spec/models/post_spec.rb": [
        1,
        null,
        1,
        1,
        null
      ],
      "/Users/yoshihiro/projects/codenyan/app/models/post.rb": [
        1,
        1,
        1,
        1,
        null,
        1,
        1,
        1,
        null,
        1,
        null
      ],
      "/Users/yoshihiro/projects/codenyan/spec/models/user_profile_spec.rb": [
        1,
        null,
        1,
        1,
        4,
        null,
        null,
        1,
        1,
        1,
        1,
        null,
        null,
        null,
        1,
        1,
        1,
        1,
        1,
        null,
        null,
        1,
        1,
        1,
        1,
        null,
        null,
        1,
        1,
        1,
        1,
        null,
        null,
        null,
        null
      ],
      "/Users/yoshihiro/projects/codenyan/app/models/user_profile.rb": [
        1,
        1,
        1,
        null,
        1,
        1,
        null,
        1,
        null,
        1,
        8,
        null,
        4,
        4,
        4,
        null,
        1,
        null,
        null
      ],
      "/Users/yoshihiro/projects/codenyan/spec/models/user_spec.rb": [
        1,
        null,
        1,
        1,
        12,
        null,
        null,
        1,
        1,
        1,
        1,
        null,
        null,
        null,
        1,
        1,
        1,
        1,
        1,
        null,
        1,
        1,
        1,
        1,
        null,
        1,
        1,
        1,
        1,
        null,
        1,
        1,
        1,
        1,
        1,
        null,
        1,
        1,
        1,
        1,
        1,
        null,
        1,
        1,
        1,
        1,
        1,
        1,
        null,
        1,
        1,
        1,
        1,
        null,
        1,
        1,
        1,
        1,
        1,
        null,
        1,
        1,
        1,
        1,
        1,
        null,
        1,
        1,
        1,
        1,
        1,
        null,
        1,
        1,
        1,
        1,
        1,
        null,
        null,
        null,
        null
      ],
      "/Users/yoshihiro/projects/codenyan/spec/requests/comments/comments_request_spec.rb": [
        1,
        null,
        1,
        null
      ],
      "/Users/yoshihiro/projects/codenyan/spec/requests/comments_request_spec.rb": [
        1,
        null,
        1,
        null
      ],
      "/Users/yoshihiro/projects/codenyan/spec/requests/parks_request_spec.rb": [
        1,
        null,
        1,
        null
      ],
      "/Users/yoshihiro/projects/codenyan/spec/requests/user_profiles_request_spec.rb": [
        1,
        null,
        1,
        1,
        1,
        1,
        0,
        null,
        null,
        null,
        1,
        1,
        1,
        0,
        null,
        null,
        null
      ],
      "/Users/yoshihiro/projects/codenyan/spec/requests/users_request_spec.rb": [
        1,
        null,
        1,
        1,
        1,
        1,
        1,
        null,
        null,
        null
      ],
      "/Users/yoshihiro/projects/codenyan/spec/views/user_profiles/edit.html.erb_spec.rb": [
        1,
        null,
        1,
        1,
        null
      ],
      "/Users/yoshihiro/projects/codenyan/spec/views/user_profiles/update.html.erb_spec.rb": [
        1,
        null,
        1,
        1,
        null
      ],
      "/Users/yoshihiro/projects/codenyan/spec/views/users/show.html.erb_spec.rb": [
        1,
        null,
        1,
        1,
        null
      ],
      "/Users/yoshihiro/projects/codenyan/app/controllers/users_controller.rb": [
        1,
        1,
        0,
        null,
        null
      ],
      "/Users/yoshihiro/projects/codenyan/app/controllers/application_controller.rb": [
        1,
        1,
        1,
        null,
        1,
        0,
        0,
        0,
        0,
        null,
        null,
        0,
        null,
        null,
        null,
        null,
        0,
        null,
        null,
        1,
        null,
        1,
        1,
        0,
        null,
        null,
        null,
        1,
        0,
        null,
        null
      ]
    },
    "timestamp": 1688389654
  }
}
